<?xml version="1.0" encoding="UTF-8"?>
<!-- Generated by org.testng.reporters.JUnitReportReporter -->
<testsuite hostname="optimus-154" name="com.project.testcases.VerifyValidLogin" tests="1" failures="0" timestamp="3 May 2016 13:28:02 GMT" time="1.262" errors="0">
  <testcase name="CheckValidUser" time="1.262" classname="com.project.testcases.VerifyValidLogin"/>
</testsuite> <!-- com.project.testcases.VerifyValidLogin -->
