<?xml version="1.0" encoding="UTF-8"?>
<!-- Generated by org.testng.reporters.JUnitReportReporter -->
<testsuite hostname="optimus-154" name="com.BCAA.testcases.VerifyValidLogin" tests="1" failures="0" timestamp="4 May 2016 11:13:52 GMT" time="7.343" errors="0">
  <testcase name="checkValidUser" time="7.343" classname="com.BCAA.testcases.VerifyValidLogin"/>
</testsuite> <!-- com.BCAA.testcases.VerifyValidLogin -->
