<?xml version="1.0" encoding="UTF-8"?>
<!-- Generated by org.testng.reporters.JUnitReportReporter -->
<testsuite hostname="optimus-154" name="com.BCAA.neat.testcases.HabitationalTests" tests="1" failures="0" timestamp="16 May 2016 13:42:23 GMT" time="24.274" errors="0">
  <testcase name="EndorsePolicy" time="24.274" classname="com.BCAA.neat.testcases.HabitationalTests"/>
</testsuite> <!-- com.BCAA.neat.testcases.HabitationalTests -->
