<?xml version="1.0" encoding="UTF-8"?>
<!-- Generated by org.testng.reporters.JUnitReportReporter -->
<testsuite hostname="optimus-154" name="com.BCAA.neat.testcases.HabitationalTests" tests="1" failures="0" timestamp="20 May 2016 10:54:00 GMT" time="4.160" errors="0">
  <testcase name="logInToNEAT" time="4.160" classname="com.BCAA.neat.testcases.HabitationalTests"/>
</testsuite> <!-- com.BCAA.neat.testcases.HabitationalTests -->
