<?xml version="1.0" encoding="UTF-8"?>
<!-- Generated by org.testng.reporters.JUnitReportReporter -->
<testsuite hostname="optimus-154" name="com.BCAA.neat.testcases.HabitationalTests" tests="32" failures="2" timestamp="16 May 2016 06:17:24 GMT" time="1051.224" errors="0">
  <testcase name="BCAA_3976" time="0.000" classname="com.BCAA.neat.testcases.HabitationalTests"/>
  <testcase name="BCAA_3955_WithOutEPP" time="0.000" classname="com.BCAA.neat.testcases.HabitationalTests"/>
  <testcase name="BCAA_3964" time="0.000" classname="com.BCAA.neat.testcases.HabitationalTests"/>
  <testcase name="BCAA_3950_Home" time="0.000" classname="com.BCAA.neat.testcases.HabitationalTests"/>
  <testcase name="addInsured" time="49.283" classname="com.BCAA.neat.testcases.HabitationalTests"/>
  <testcase name="addRemarks" time="192.175" classname="com.BCAA.neat.testcases.HabitationalTests"/>
  <testcase name="goToHomeEvaluationTab" time="117.088" classname="com.BCAA.neat.testcases.HabitationalTests"/>
  <testcase name="BCAA_4013" time="0.000" classname="com.BCAA.neat.testcases.HabitationalTests"/>
  <testcase name="searchQuotePolicy" time="22.478" classname="com.BCAA.neat.testcases.HabitationalTests">
    <failure type="java.lang.AssertionError" message="null">
      <![CDATA[java.lang.AssertionError: null
	at org.testng.Assert.fail(Assert.java:94)
	at org.testng.Assert.fail(Assert.java:101)
	at com.BCAA.neat.executor.Browser.setElement(Browser.java:127)
	at com.BCAA.neat.pageObjects.insurance.SelectInsurancePlanPage.selectInsurancePlan(SelectInsurancePlanPage.java:89)
	at com.BCAA.neat.pageObjects.insurance.FindQuotesOrPolicyPage.searchQuotePolicy(FindQuotesOrPolicyPage.java:77)
	at com.BCAA.neat.testcases.HabitationalTests.searchQuotePolicy(HabitationalTests.java:664)
	at sun.reflect.NativeMethodAccessorImpl.invoke0(Native Method)
	at sun.reflect.NativeMethodAccessorImpl.invoke(NativeMethodAccessorImpl.java:62)
	at sun.reflect.DelegatingMethodAccessorImpl.invoke(DelegatingMethodAccessorImpl.java:43)
	at java.lang.reflect.Method.invoke(Method.java:498)
	at org.testng.internal.MethodInvocationHelper.invokeMethod(MethodInvocationHelper.java:86)
	at org.testng.internal.Invoker.invokeMethod(Invoker.java:643)
	at org.testng.internal.Invoker.invokeTestMethod(Invoker.java:820)
	at org.testng.internal.Invoker.invokeTestMethods(Invoker.java:1128)
	at org.testng.internal.TestMethodWorker.invokeTestMethods(TestMethodWorker.java:129)
	at org.testng.internal.TestMethodWorker.run(TestMethodWorker.java:112)
	at org.testng.TestRunner.privateRun(TestRunner.java:782)
	at org.testng.TestRunner.run(TestRunner.java:632)
	at org.testng.SuiteRunner.runTest(SuiteRunner.java:366)
	at org.testng.SuiteRunner.runSequentially(SuiteRunner.java:361)
	at org.testng.SuiteRunner.privateRun(SuiteRunner.java:319)
	at org.testng.SuiteRunner.run(SuiteRunner.java:268)
	at org.testng.SuiteRunnerWorker.runSuite(SuiteRunnerWorker.java:52)
	at org.testng.SuiteRunnerWorker.run(SuiteRunnerWorker.java:86)
	at org.testng.TestNG.runSuitesSequentially(TestNG.java:1244)
	at org.testng.TestNG.runSuitesLocally(TestNG.java:1169)
	at org.testng.TestNG.run(TestNG.java:1064)
	at org.apache.maven.surefire.testng.TestNGExecutor.run(TestNGExecutor.java:281)
	at org.apache.maven.surefire.testng.TestNGXmlTestSuite.execute(TestNGXmlTestSuite.java:75)
	at org.apache.maven.surefire.testng.TestNGProvider.invoke(TestNGProvider.java:121)
	at org.apache.maven.surefire.booter.ForkedBooter.invokeProviderInSameClassLoader(ForkedBooter.java:290)
	at org.apache.maven.surefire.booter.ForkedBooter.runSuitesInProcess(ForkedBooter.java:242)
	at org.apache.maven.surefire.booter.ForkedBooter.main(ForkedBooter.java:121)
]]>
    </failure>
  </testcase> <!-- searchQuotePolicy -->
  <testcase name="BCAA_4015" time="0.000" classname="com.BCAA.neat.testcases.HabitationalTests"/>
  <testcase name="BCAA_3950_Tenant" time="0.000" classname="com.BCAA.neat.testcases.HabitationalTests"/>
  <testcase name="BCAA_3981" time="0.000" classname="com.BCAA.neat.testcases.HabitationalTests"/>
  <testcase name="BCAA_3968" time="0.000" classname="com.BCAA.neat.testcases.HabitationalTests"/>
  <testcase name="riskDetails" time="71.305" classname="com.BCAA.neat.testcases.HabitationalTests"/>
  <testcase name="BCAA_3962" time="0.000" classname="com.BCAA.neat.testcases.HabitationalTests"/>
  <testcase name="addNotes" time="134.908" classname="com.BCAA.neat.testcases.HabitationalTests">
    <failure type="java.lang.AssertionError" message="null">
      <![CDATA[java.lang.AssertionError: null
	at org.testng.Assert.fail(Assert.java:94)
	at org.testng.Assert.fail(Assert.java:101)
	at com.BCAA.neat.executor.Browser.setElement(Browser.java:127)
	at com.BCAA.neat.pageObjects.insurance.HomeEvaluationTabPage.addHomeEvaluation(HomeEvaluationTabPage.java:102)
	at com.BCAA.neat.testcases.HabitationalTests.verifyOptions(HabitationalTests.java:762)
	at com.BCAA.neat.testcases.HabitationalTests.commitQuote(HabitationalTests.java:774)
	at com.BCAA.neat.testcases.HabitationalTests.addNotes(HabitationalTests.java:786)
	at sun.reflect.NativeMethodAccessorImpl.invoke0(Native Method)
	at sun.reflect.NativeMethodAccessorImpl.invoke(NativeMethodAccessorImpl.java:62)
	at sun.reflect.DelegatingMethodAccessorImpl.invoke(DelegatingMethodAccessorImpl.java:43)
	at java.lang.reflect.Method.invoke(Method.java:498)
	at org.testng.internal.MethodInvocationHelper.invokeMethod(MethodInvocationHelper.java:86)
	at org.testng.internal.Invoker.invokeMethod(Invoker.java:643)
	at org.testng.internal.Invoker.invokeTestMethod(Invoker.java:820)
	at org.testng.internal.Invoker.invokeTestMethods(Invoker.java:1128)
	at org.testng.internal.TestMethodWorker.invokeTestMethods(TestMethodWorker.java:129)
	at org.testng.internal.TestMethodWorker.run(TestMethodWorker.java:112)
	at org.testng.TestRunner.privateRun(TestRunner.java:782)
	at org.testng.TestRunner.run(TestRunner.java:632)
	at org.testng.SuiteRunner.runTest(SuiteRunner.java:366)
	at org.testng.SuiteRunner.runSequentially(SuiteRunner.java:361)
	at org.testng.SuiteRunner.privateRun(SuiteRunner.java:319)
	at org.testng.SuiteRunner.run(SuiteRunner.java:268)
	at org.testng.SuiteRunnerWorker.runSuite(SuiteRunnerWorker.java:52)
	at org.testng.SuiteRunnerWorker.run(SuiteRunnerWorker.java:86)
	at org.testng.TestNG.runSuitesSequentially(TestNG.java:1244)
	at org.testng.TestNG.runSuitesLocally(TestNG.java:1169)
	at org.testng.TestNG.run(TestNG.java:1064)
	at org.apache.maven.surefire.testng.TestNGExecutor.run(TestNGExecutor.java:281)
	at org.apache.maven.surefire.testng.TestNGXmlTestSuite.execute(TestNGXmlTestSuite.java:75)
	at org.apache.maven.surefire.testng.TestNGProvider.invoke(TestNGProvider.java:121)
	at org.apache.maven.surefire.booter.ForkedBooter.invokeProviderInSameClassLoader(ForkedBooter.java:290)
	at org.apache.maven.surefire.booter.ForkedBooter.runSuitesInProcess(ForkedBooter.java:242)
	at org.apache.maven.surefire.booter.ForkedBooter.main(ForkedBooter.java:121)
]]>
    </failure>
  </testcase> <!-- addNotes -->
  <testcase name="commitQuote" time="183.230" classname="com.BCAA.neat.testcases.HabitationalTests"/>
  <testcase name="BCAA_3965" time="0.000" classname="com.BCAA.neat.testcases.HabitationalTests"/>
  <testcase name="editInsured" time="46.855" classname="com.BCAA.neat.testcases.HabitationalTests"/>
  <testcase name="BCAA_3950_Condo" time="0.000" classname="com.BCAA.neat.testcases.HabitationalTests"/>
  <testcase name="createDraftQuote" time="21.365" classname="com.BCAA.neat.testcases.HabitationalTests"/>
  <testcase name="goToAssetsTab" time="47.346" classname="com.BCAA.neat.testcases.HabitationalTests"/>
  <testcase name="verifyOptions" time="161.519" classname="com.BCAA.neat.testcases.HabitationalTests"/>
  <testcase name="BCAA_3960" time="0.000" classname="com.BCAA.neat.testcases.HabitationalTests"/>
  <testcase name="logInToNEAT" time="3.672" classname="com.BCAA.neat.testcases.HabitationalTests"/>
  <testcase name="BCAA_3971" time="0.000" classname="com.BCAA.neat.testcases.HabitationalTests"/>
  <testcase name="BCAA_3973" time="0.000" classname="com.BCAA.neat.testcases.HabitationalTests"/>
  <testcase name="BCAA_4009" time="0.000" classname="com.BCAA.neat.testcases.HabitationalTests"/>
  <testcase name="BCAA_3946" time="0.000" classname="com.BCAA.neat.testcases.HabitationalTests"/>
  <testcase name="BCAA_4018" time="0.000" classname="com.BCAA.neat.testcases.HabitationalTests"/>
  <testcase name="BCAA_3955_WithEPP" time="0.000" classname="com.BCAA.neat.testcases.HabitationalTests"/>
  <testcase name="BCAA_3953" time="0.000" classname="com.BCAA.neat.testcases.HabitationalTests"/>
</testsuite> <!-- com.BCAA.neat.testcases.HabitationalTests -->
